<?xml version="1.0" encoding="UTF-8"?>
<testng-results ignored="1" total="2" passed="1" failed="0" skipped="0">
  <reporter-output>
  </reporter-output>
  <suite started-at="2023-01-16T00:12:56 IST" name="Suite" finished-at="2023-01-16T00:13:32 IST" duration-ms="36513">
    <groups>
      <group name="phonenumber">
        <method signature="RunTest.updatePhoneNumber()[pri:0, instance:test.RunTest@5e7cd6cc]" name="updatePhoneNumber" class="test.RunTest"/>
      </group> <!-- phonenumber -->
    </groups>
    <test started-at="2023-01-16T00:12:56 IST" name="pnupdate" finished-at="2023-01-16T00:13:32 IST" duration-ms="36513">
      <class name="test.RunTest">
        <test-method is-config="true" signature="lunchApp()[pri:0, instance:test.RunTest@5e7cd6cc]" started-at="2023-01-16T00:12:56 IST" name="lunchApp" finished-at="2023-01-16T00:13:04 IST" duration-ms="8377" status="PASS">
          <reporter-output>
          </reporter-output>
        </test-method> <!-- lunchApp -->
        <test-method signature="updatePhoneNumber()[pri:0, instance:test.RunTest@5e7cd6cc]" started-at="2023-01-16T00:13:04 IST" name="updatePhoneNumber" finished-at="2023-01-16T00:13:31 IST" duration-ms="27245" status="PASS">
          <reporter-output>
          </reporter-output>
        </test-method> <!-- updatePhoneNumber -->
        <test-method is-config="true" signature="tearDown()[pri:0, instance:test.RunTest@5e7cd6cc]" started-at="2023-01-16T00:13:31 IST" name="tearDown" finished-at="2023-01-16T00:13:32 IST" duration-ms="796" status="PASS">
          <reporter-output>
          </reporter-output>
        </test-method> <!-- tearDown -->
      </class> <!-- test.RunTest -->
    </test> <!-- pnupdate -->
  </suite> <!-- Suite -->
</testng-results>
