<?xml version="1.0" encoding="UTF-8"?>
<testng-results ignored="1" total="2" passed="1" failed="0" skipped="0">
  <reporter-output>
  </reporter-output>
  <suite started-at="2023-01-14T00:17:41 IST" name="Suite" finished-at="2023-01-14T00:18:15 IST" duration-ms="34650">
    <groups>
      <group name="phonenumber">
        <method signature="RunTest.updatePhoneNumber()[pri:0, instance:test.RunTest@6069db50]" name="updatePhoneNumber" class="test.RunTest"/>
      </group> <!-- phonenumber -->
    </groups>
    <test started-at="2023-01-14T00:17:41 IST" name="pnupdate" finished-at="2023-01-14T00:18:15 IST" duration-ms="34650">
      <class name="test.RunTest">
        <test-method is-config="true" signature="lunchApp()[pri:0, instance:test.RunTest@6069db50]" started-at="2023-01-14T00:17:41 IST" name="lunchApp" finished-at="2023-01-14T00:17:48 IST" duration-ms="6841" status="PASS">
          <reporter-output>
          </reporter-output>
        </test-method> <!-- lunchApp -->
        <test-method signature="updatePhoneNumber()[pri:0, instance:test.RunTest@6069db50]" started-at="2023-01-14T00:17:48 IST" name="updatePhoneNumber" finished-at="2023-01-14T00:18:15 IST" duration-ms="27008" status="PASS">
          <reporter-output>
          </reporter-output>
        </test-method> <!-- updatePhoneNumber -->
        <test-method is-config="true" signature="tearDown()[pri:0, instance:test.RunTest@6069db50]" started-at="2023-01-14T00:18:15 IST" name="tearDown" finished-at="2023-01-14T00:18:15 IST" duration-ms="707" status="PASS">
          <reporter-output>
          </reporter-output>
        </test-method> <!-- tearDown -->
      </class> <!-- test.RunTest -->
    </test> <!-- pnupdate -->
  </suite> <!-- Suite -->
</testng-results>
